[2025-11-11 18:53:00] Iniciando limpieza de logs...
tar: Eliminando la `/' inicial de los nombres
tar (child): /backup/logs/logs_backup_20251111_185300.tar.gz: No se puede efectuar open: No existe el archivo o el directorio
tar (child): Error is not recoverable: exiting now
tar: /backup/logs/logs_backup_20251111_185300.tar.gz: No se puede efectuar write: Tubería rota
tar: Child returned status 2
tar: Error is not recoverable: exiting now
[2025-11-11 18:53:00] ERROR: Falló la compresión, no se eliminaron los archivos.
[2025-11-11 18:55:34] Iniciando limpieza de logs...
tar: Eliminando la `/' inicial de los nombres
tar: Eliminando la `/' inicial de los objetivos de los enlaces
[2025-11-11 18:55:34] Logs comprimidos en /home/luis/backup/logs/logs_backup_20251111_185534.tar.gz
[2025-11-11 18:55:34] Archivos originales eliminados.
[2025-11-11 18:55:34] Limpieza completada con éxito.
-------------------------------------------
[2025-11-11 19:02:39] Iniciando limpieza de logs...
tar: Eliminando la `/' inicial de los nombres
tar: Eliminando la `/' inicial de los objetivos de los enlaces
[2025-11-11 19:02:39] Logs comprimidos en /home/luis/backup/logs/logs_backup_20251111_190239.tar.gz
[2025-11-11 19:02:39] Archivos originales eliminados.
[2025-11-11 19:02:39] Limpieza completada con éxito.
-------------------------------------------
[2025-11-15 11:34:56] Iniciando limpieza de logs...
[2025-11-15 11:34:56] No se encontraron logs antiguos.
